<?xml version="1.0" encoding="UTF-8"?>
<!-- Generated by org.testng.reporters.JUnitXMLReporter -->
<testsuite ignored="0" hostname="DESKTOP-MNFGKA4" failures="1" tests="1" name="Default test" time="15.393" errors="0" timestamp="2025-02-23T15:24:32 IST">
  <testcase classname="io.cucumber.testng.AbstractTestNGCucumberTests" name="runScenario" time="7.887">
    <failure type="java.lang.AssertionError" message="expected [Just a moment...] but found [Product tags / nopCommerce administration hvnmv]">
      <![CDATA[java.lang.AssertionError: expected [Just a moment...] but found [Product tags / nopCommerce administration hvnmv]
at org.testng.Assert.fail(Assert.java:111)
at org.testng.Assert.failNotEquals(Assert.java:1578)
at org.testng.Assert.assertEqualsImpl(Assert.java:150)
at org.testng.Assert.assertEquals(Assert.java:132)
at org.testng.Assert.assertEquals(Assert.java:656)
at org.testng.Assert.assertEquals(Assert.java:666)
at stepdefinitions.LoginStepsDefinition.page_title_should_be(LoginStepsDefinition.java:36)
at âœ½.page title should be "Product tags / nopCommerce administration hvnmv"(file:///C:/Users/DELL/eclipse-workspace/NopCommerseAutomationProject/./src/test/resources/features/Login.feature:9)
]]>
    </failure>
  </testcase> <!-- runScenario -->
</testsuite> <!-- Default test -->
